{"/Users/aleksandr/Desktop/dev/gameOfMind/frontend-project-44/src/cli.js": {"path":"/Users/aleksandr/Desktop/dev/gameOfMind/frontend-project-44/src/cli.js","statementMap":{"0":{"start":{"line":4,"column":23},"end":{"line":8,"column":1}},"1":{"start":{"line":5,"column":15},"end":{"line":5,"column":58}},"2":{"start":{"line":6,"column":2},"end":{"line":6,"column":31}},"3":{"start":{"line":7,"column":2},"end":{"line":7,"column":13}}},"fnMap":{"0":{"name":"(anonymous_0)","decl":{"start":{"line":4,"column":23},"end":{"line":4,"column":24}},"loc":{"start":{"line":4,"column":29},"end":{"line":8,"column":1}},"line":4}},"branchMap":{},"s":{"0":2,"1":2,"2":2,"3":2},"f":{"0":2},"b":{},"_coverageSchema":"1a1c01bbd47fc00a2c39e90264f33305004495a9","hash":"71d47df75a87f2c5839a04a2c0c6283de15fb990"}
,"/Users/aleksandr/Desktop/dev/gameOfMind/frontend-project-44/src/index.js": {"path":"/Users/aleksandr/Desktop/dev/gameOfMind/frontend-project-44/src/index.js","statementMap":{"0":{"start":{"line":4,"column":28},"end":{"line":8,"column":1}},"1":{"start":{"line":5,"column":2},"end":{"line":5,"column":44}},"2":{"start":{"line":6,"column":19},"end":{"line":6,"column":28}},"3":{"start":{"line":7,"column":2},"end":{"line":7,"column":17}},"4":{"start":{"line":10,"column":31},"end":{"line":12,"column":1}},"5":{"start":{"line":11,"column":2},"end":{"line":11,"column":32}},"6":{"start":{"line":14,"column":27},"end":{"line":24,"column":1}},"7":{"start":{"line":15,"column":2},"end":{"line":18,"column":3}},"8":{"start":{"line":16,"column":4},"end":{"line":16,"column":27}},"9":{"start":{"line":17,"column":4},"end":{"line":17,"column":15}},"10":{"start":{"line":19,"column":2},"end":{"line":21,"column":3}},"11":{"start":{"line":22,"column":2},"end":{"line":22,"column":46}},"12":{"start":{"line":23,"column":2},"end":{"line":23,"column":14}},"13":{"start":{"line":26,"column":24},"end":{"line":40,"column":1}},"14":{"start":{"line":27,"column":17},"end":{"line":27,"column":18}},"15":{"start":{"line":28,"column":19},"end":{"line":28,"column":33}},"16":{"start":{"line":29,"column":2},"end":{"line":29,"column":20}},"17":{"start":{"line":30,"column":23},"end":{"line":30,"column":24}},"18":{"start":{"line":31,"column":2},"end":{"line":37,"column":3}},"19":{"start":{"line":32,"column":37},"end":{"line":32,"column":50}},"20":{"start":{"line":33,"column":4},"end":{"line":35,"column":5}},"21":{"start":{"line":34,"column":6},"end":{"line":34,"column":12}},"22":{"start":{"line":36,"column":4},"end":{"line":36,"column":23}},"23":{"start":{"line":39,"column":2},"end":{"line":39,"column":46}}},"fnMap":{"0":{"name":"(anonymous_0)","decl":{"start":{"line":4,"column":28},"end":{"line":4,"column":29}},"loc":{"start":{"line":4,"column":34},"end":{"line":8,"column":1}},"line":4},"1":{"name":"(anonymous_1)","decl":{"start":{"line":10,"column":31},"end":{"line":10,"column":32}},"loc":{"start":{"line":10,"column":45},"end":{"line":12,"column":1}},"line":10},"2":{"name":"(anonymous_2)","decl":{"start":{"line":14,"column":27},"end":{"line":14,"column":28}},"loc":{"start":{"line":14,"column":64},"end":{"line":24,"column":1}},"line":14},"3":{"name":"(anonymous_3)","decl":{"start":{"line":26,"column":24},"end":{"line":26,"column":25}},"loc":{"start":{"line":26,"column":61},"end":{"line":40,"column":1}},"line":26}},"branchMap":{"0":{"loc":{"start":{"line":15,"column":2},"end":{"line":18,"column":3}},"type":"if","locations":[{"start":{"line":15,"column":2},"end":{"line":18,"column":3}},{"start":{},"end":{}}],"line":15},"1":{"loc":{"start":{"line":33,"column":4},"end":{"line":35,"column":5}},"type":"if","locations":[{"start":{"line":33,"column":4},"end":{"line":35,"column":5}},{"start":{},"end":{}}],"line":33}},"s":{"0":1,"1":0,"2":0,"3":0,"4":1,"5":1,"6":1,"7":2,"8":1,"9":1,"10":1,"11":1,"12":1,"13":1,"14":0,"15":0,"16":0,"17":0,"18":0,"19":0,"20":0,"21":0,"22":0,"23":0},"f":{"0":0,"1":1,"2":2,"3":0},"b":{"0":[1,1],"1":[0,0]},"_coverageSchema":"1a1c01bbd47fc00a2c39e90264f33305004495a9","hash":"b8e73a3c2cbb69f18033632d9453d12e8b5dcb8f"}
,"/Users/aleksandr/Desktop/dev/gameOfMind/frontend-project-44/src/games/even.js": {"path":"/Users/aleksandr/Desktop/dev/gameOfMind/frontend-project-44/src/games/even.js","statementMap":{"0":{"start":{"line":4,"column":22},"end":{"line":4,"column":42}},"1":{"start":{"line":4,"column":29},"end":{"line":4,"column":42}},"2":{"start":{"line":6,"column":27},"end":{"line":12,"column":1}},"3":{"start":{"line":7,"column":23},"end":{"line":7,"column":46}},"4":{"start":{"line":8,"column":17},"end":{"line":10,"column":18}},"5":{"start":{"line":11,"column":2},"end":{"line":11,"column":47}},"6":{"start":{"line":14,"column":27},"end":{"line":19,"column":1}},"7":{"start":{"line":15,"column":17},"end":{"line":15,"column":37}},"8":{"start":{"line":16,"column":24},"end":{"line":16,"column":45}},"9":{"start":{"line":18,"column":2},"end":{"line":18,"column":53}}},"fnMap":{"0":{"name":"(anonymous_0)","decl":{"start":{"line":4,"column":22},"end":{"line":4,"column":23}},"loc":{"start":{"line":4,"column":29},"end":{"line":4,"column":42}},"line":4},"1":{"name":"(anonymous_1)","decl":{"start":{"line":6,"column":27},"end":{"line":6,"column":28}},"loc":{"start":{"line":6,"column":33},"end":{"line":12,"column":1}},"line":6},"2":{"name":"(anonymous_2)","decl":{"start":{"line":14,"column":27},"end":{"line":14,"column":28}},"loc":{"start":{"line":14,"column":63},"end":{"line":19,"column":1}},"line":14}},"branchMap":{"0":{"loc":{"start":{"line":16,"column":24},"end":{"line":16,"column":45}},"type":"cond-expr","locations":[{"start":{"line":16,"column":33},"end":{"line":16,"column":38}},{"start":{"line":16,"column":41},"end":{"line":16,"column":45}}],"line":16}},"s":{"0":1,"1":8,"2":1,"3":1,"4":1,"5":1,"6":1,"7":2,"8":2,"9":2},"f":{"0":8,"1":1,"2":2},"b":{"0":[1,1]},"_coverageSchema":"1a1c01bbd47fc00a2c39e90264f33305004495a9","hash":"9e3b6de305138d363109804d9ca3b74a2fb65e0b"}
}
