TN:
SF:src/cli.js
FN:4,(anonymous_0)
FNF:1
FNH:1
FNDA:2,(anonymous_0)
DA:4,2
DA:5,2
DA:6,2
DA:7,2
LF:4
LH:4
BRF:0
BRH:0
end_of_record
TN:
SF:src/index.js
FN:4,(anonymous_0)
FN:10,(anonymous_1)
FN:14,(anonymous_2)
FN:26,(anonymous_3)
FNF:4
FNH:2
FNDA:0,(anonymous_0)
FNDA:1,(anonymous_1)
FNDA:2,(anonymous_2)
FNDA:0,(anonymous_3)
DA:4,1
DA:5,0
DA:6,0
DA:7,0
DA:10,1
DA:11,1
DA:14,1
DA:15,2
DA:16,1
DA:17,1
DA:19,1
DA:22,1
DA:23,1
DA:26,1
DA:27,0
DA:28,0
DA:29,0
DA:30,0
DA:31,0
DA:32,0
DA:33,0
DA:34,0
DA:36,0
DA:39,0
LF:24
LH:11
BRDA:15,0,0,1
BRDA:15,0,1,1
BRDA:33,1,0,0
BRDA:33,1,1,0
BRF:4
BRH:2
end_of_record
TN:
SF:src/games/even.js
FN:4,(anonymous_0)
FN:6,(anonymous_1)
FN:14,(anonymous_2)
FNF:3
FNH:3
FNDA:8,(anonymous_0)
FNDA:1,(anonymous_1)
FNDA:2,(anonymous_2)
DA:4,8
DA:6,1
DA:7,1
DA:8,1
DA:11,1
DA:14,1
DA:15,2
DA:16,2
DA:18,2
LF:9
LH:9
BRDA:16,0,0,1
BRDA:16,0,1,1
BRF:2
BRH:2
end_of_record
